0 info it worked if it ends with ok
1 verbose cli [ 'C:\\Program Files\\nodejs\\node.exe',
1 verbose cli   'C:\\Program Files\\nodejs\\node_modules\\npm\\bin\\npm-cli.js',
1 verbose cli   'start' ]
2 info using npm@3.10.10
3 info using node@v6.10.1
4 verbose run-script [ 'prestart', 'start', 'poststart' ]
5 info lifecycle front-end-challenge@1.0.0~prestart: front-end-challenge@1.0.0
6 silly lifecycle front-end-challenge@1.0.0~prestart: no script for prestart, continuing
7 info lifecycle front-end-challenge@1.0.0~start: front-end-challenge@1.0.0
8 verbose lifecycle front-end-challenge@1.0.0~start: unsafe-perm in lifecycle true
9 verbose lifecycle front-end-challenge@1.0.0~start: PATH: C:\Program Files\nodejs\node_modules\npm\bin\node-gyp-bin;c:\Projetos\amaro-challenge\node_modules\.bin;C:\Ruby23-x64\bin;C:\ProgramData\Oracle\Java\javapath;C:\Program Files (x86)\Intel\iCLS Client\;C:\Program Files\Intel\iCLS Client\;C:\Windows\system32;C:\Windows;C:\Windows\System32\Wbem;C:\Windows\System32\WindowsPowerShell\v1.0\;C:\Program Files\Intel\Intel(R) Management Engine Components\DAL;C:\Program Files\Intel\Intel(R) Management Engine Components\IPT;C:\Program Files (x86)\Intel\Intel(R) Management Engine Components\DAL;C:\Program Files (x86)\Intel\Intel(R) Management Engine Components\IPT;C:\Program Files (x86)\Git\cmd;C:\xampp\php;C:\ProgramData\ComposerSetup\bin;node_modules\npm\bin;C:\Program Files\OpenSSH\bin;C:\Program Files (x86)\Skype\Phone\;C:\Program Files\OpenVPN\bin;C:\Users\Soft Manager\AppData\Roaming\npm;%NVM_HOME%;%NVM_SYMLINK%;C:\Program Files\nodejs\;C:\xampp\php\ext;C:\Users\Soft Manager\AppData\Roaming\nvm
10 verbose lifecycle front-end-challenge@1.0.0~start: CWD: c:\Projetos\amaro-challenge
11 silly lifecycle front-end-challenge@1.0.0~start: Args: [ '/d /s /c', 'webpack-dev-server' ]
12 silly lifecycle front-end-challenge@1.0.0~start: Returned: code: 3221225786  signal: null
13 info lifecycle front-end-challenge@1.0.0~start: Failed to exec start script
14 verbose stack Error: front-end-challenge@1.0.0 start: `webpack-dev-server`
14 verbose stack Exit status 3221225786
14 verbose stack     at EventEmitter.<anonymous> (C:\Program Files\nodejs\node_modules\npm\lib\utils\lifecycle.js:255:16)
14 verbose stack     at emitTwo (events.js:106:13)
14 verbose stack     at EventEmitter.emit (events.js:191:7)
14 verbose stack     at ChildProcess.<anonymous> (C:\Program Files\nodejs\node_modules\npm\lib\utils\spawn.js:40:14)
14 verbose stack     at emitTwo (events.js:106:13)
14 verbose stack     at ChildProcess.emit (events.js:191:7)
14 verbose stack     at maybeClose (internal/child_process.js:886:16)
14 verbose stack     at Process.ChildProcess._handle.onexit (internal/child_process.js:226:5)
15 verbose pkgid front-end-challenge@1.0.0
16 verbose cwd c:\Projetos\amaro-challenge
17 error Windows_NT 6.1.7601
18 error argv "C:\\Program Files\\nodejs\\node.exe" "C:\\Program Files\\nodejs\\node_modules\\npm\\bin\\npm-cli.js" "start"
19 error node v6.10.1
20 error npm  v3.10.10
21 error code ELIFECYCLE
22 error front-end-challenge@1.0.0 start: `webpack-dev-server`
22 error Exit status 3221225786
23 error Failed at the front-end-challenge@1.0.0 start script 'webpack-dev-server'.
23 error Make sure you have the latest version of node.js and npm installed.
23 error If you do, this is most likely a problem with the front-end-challenge package,
23 error not with npm itself.
23 error Tell the author that this fails on your system:
23 error     webpack-dev-server
23 error You can get information on how to open an issue for this project with:
23 error     npm bugs front-end-challenge
23 error Or if that isn't available, you can get their info via:
23 error     npm owner ls front-end-challenge
23 error There is likely additional logging output above.
24 verbose exit [ 1, true ]
